<?xml version="1.0" encoding="UTF-8"?>
<!-- Generated by org.testng.reporters.JUnitXMLReporter -->
<testsuite ignored="0" hostname="LaShawn" failures="1" tests="12" name="edgeTest" time="108.556" errors="0" timestamp="2025-08-28T11:52:23 EDT">
  <testcase classname="testCases.TC01_LaunchApplication" name="testLaunchApplication" time="0.976"/>
  <testcase classname="testCases.TC03_AddToCart" name="testAddToCart" time="7.933"/>
  <testcase classname="testCases.TC05_AddToWishList" name="testAddToWishList" time="13.054">
    <skipped/>
  </testcase> <!-- testAddToWishList -->
  <testcase classname="testCases.TC05_AddToWishList" name="testAddToWishList" time="10.063">
    <skipped/>
  </testcase> <!-- testAddToWishList -->
  <testcase classname="testCases.TC05_AddToWishList" name="testAddToWishList" time="10.022">
    <failure type="java.lang.AssertionError" message="Test failed due to unexpected exception.">
      <![CDATA[java.lang.AssertionError: Test failed due to unexpected exception.
at testCases.TC05_AddToWishList.testAddToWishList(TC05_AddToWishList.java:68)
at java.base/java.util.ArrayList.forEach(ArrayList.java:1597)
at java.base/java.util.concurrent.FutureTask.run(FutureTask.java:317)
at java.base/java.util.concurrent.ThreadPoolExecutor.runWorker(ThreadPoolExecutor.java:1144)
at java.base/java.util.concurrent.ThreadPoolExecutor$Worker.run(ThreadPoolExecutor.java:642)
at java.base/java.lang.Thread.run(Thread.java:1575)
... Removed 16 stack frames]]>
    </failure>
  </testcase> <!-- testAddToWishList -->
  <testcase classname="testCases.TC06_AddAffiliate" name="testAddAffiliate" time="4.702"/>
  <testcase classname="testCases.TC02_Login" name="testLogin" time="3.751"/>
  <testcase classname="testCases.TC02_Login" name="testLogin" time="1.899"/>
  <testcase classname="testCases.TC02_Login" name="testLogin" time="1.879"/>
  <testcase classname="testCases.TC02_Login" name="testLogin" time="1.958"/>
  <testcase classname="testCases.TC02_Login" name="testLogin" time="2.111"/>
  <testcase classname="testCases.TC04_CompletePurchase" name="testCompletePurchase" time="9.723"/>
</testsuite> <!-- edgeTest -->
